TN:
SF:/Users/evercx/Teambition-Internship/web-filesystem/app.js
FNF:0
FNH:0
DA:1,1
DA:2,1
DA:3,1
DA:5,1
DA:6,1
DA:7,1
DA:9,1
DA:10,1
DA:13,1
DA:16,1
DA:25,1
DA:26,1
DA:30,1
DA:31,1
DA:32,1
LF:15
LH:15
BRF:0
BRH:0
end_of_record
TN:
SF:/Users/evercx/Teambition-Internship/web-filesystem/storage.js
FNF:0
FNH:0
DA:1,1
DA:4,1
DA:5,1
DA:7,1
LF:4
LH:4
BRF:0
BRH:0
end_of_record
TN:
SF:/Users/evercx/Teambition-Internship/web-filesystem/api/directoryAPI.js
FN:11,(anonymous_0)
FN:29,(anonymous_1)
FN:56,(anonymous_2)
FN:75,(anonymous_3)
FNF:4
FNH:4
FNDA:2,(anonymous_0)
FNDA:3,(anonymous_1)
FNDA:1,(anonymous_2)
FNDA:2,(anonymous_3)
DA:1,1
DA:2,1
DA:3,1
DA:4,1
DA:5,1
DA:6,1
DA:8,1
DA:13,2
DA:14,2
DA:15,2
DA:17,2
DA:18,2
DA:20,1
DA:21,1
DA:23,0
DA:26,1
DA:31,3
DA:33,3
DA:34,3
DA:36,3
DA:37,1
DA:38,0
DA:41,2
DA:42,2
DA:43,2
DA:45,1
DA:46,1
DA:48,0
DA:52,1
DA:58,1
DA:59,1
DA:61,1
DA:63,1
DA:64,1
DA:66,0
DA:67,0
DA:69,0
DA:72,1
DA:77,2
DA:78,2
DA:79,2
DA:81,2
DA:82,2
DA:83,2
DA:84,2
DA:86,2
DA:88,2
DA:89,2
DA:90,2
DA:91,2
DA:93,2
DA:94,2
DA:95,0
DA:97,2
DA:98,2
DA:100,0
DA:101,0
DA:102,0
DA:103,0
DA:106,2
DA:107,2
DA:108,1
DA:109,1
DA:110,1
DA:111,1
DA:113,1
DA:114,1
DA:116,0
DA:119,1
LF:69
LH:57
BRDA:13,0,0,2
BRDA:13,0,1,0
BRDA:14,1,0,2
BRDA:14,1,1,0
BRDA:20,2,0,1
BRDA:20,2,1,0
BRDA:36,3,0,1
BRDA:36,3,1,2
BRDA:45,4,0,1
BRDA:45,4,1,0
BRDA:45,5,0,1
BRDA:45,5,1,1
BRDA:58,6,0,1
BRDA:58,6,1,1
BRDA:66,7,0,0
BRDA:66,7,1,0
BRDA:86,8,0,2
BRDA:86,8,1,0
BRDA:113,9,0,1
BRDA:113,9,1,0
BRF:20
BRH:12
end_of_record
TN:
SF:/Users/evercx/Teambition-Internship/web-filesystem/api/fileAPI.js
FN:8,(anonymous_0)
FN:32,(anonymous_1)
FN:43,(anonymous_2)
FNF:3
FNH:3
FNDA:2,(anonymous_0)
FNDA:1,(anonymous_1)
FNDA:2,(anonymous_2)
DA:1,1
DA:2,1
DA:3,1
DA:4,1
DA:6,1
DA:10,2
DA:12,2
DA:13,2
DA:15,2
DA:16,0
DA:17,0
DA:19,2
DA:20,2
DA:21,2
DA:22,1
DA:24,1
DA:25,1
DA:27,0
DA:34,1
DA:36,1
DA:37,1
DA:39,0
DA:45,2
DA:47,2
DA:48,2
DA:50,2
DA:51,0
DA:52,0
DA:55,2
DA:57,2
DA:59,2
DA:60,2
DA:61,1
DA:62,1
DA:64,1
DA:65,1
DA:66,1
DA:67,1
DA:69,1
DA:70,0
LF:40
LH:33
BRDA:15,0,0,0
BRDA:15,0,1,2
BRDA:24,1,0,1
BRDA:24,1,1,0
BRDA:24,2,0,1
BRDA:24,2,1,1
BRDA:50,3,0,0
BRDA:50,3,1,2
BRDA:55,4,0,0
BRDA:55,4,1,2
BRF:10
BRH:6
end_of_record
TN:
SF:/Users/evercx/Teambition-Internship/web-filesystem/core/directory.js
FN:20,(anonymous_0)
FN:68,(anonymous_1)
FN:102,(anonymous_2)
FN:138,(anonymous_3)
FN:156,(anonymous_4)
FN:158,(anonymous_5)
FN:168,(anonymous_6)
FN:172,(anonymous_7)
FN:181,(anonymous_8)
FN:191,(anonymous_9)
FN:216,(anonymous_10)
FNF:11
FNH:8
FNDA:3,(anonymous_0)
FNDA:4,(anonymous_1)
FNDA:9,(anonymous_2)
FNDA:3,(anonymous_3)
FNDA:2,(anonymous_4)
FNDA:2,(anonymous_5)
FNDA:0,(anonymous_6)
FNDA:0,(anonymous_7)
FNDA:0,(anonymous_8)
FNDA:6,(anonymous_9)
FNDA:2,(anonymous_10)
DA:1,1
DA:2,1
DA:3,1
DA:4,1
DA:5,1
DA:6,1
DA:8,1
DA:22,3
DA:23,3
DA:24,3
DA:26,3
DA:28,2
DA:29,2
DA:31,2
DA:33,8
DA:34,8
DA:35,8
DA:37,8
DA:38,4
DA:39,0
DA:40,8
DA:41,8
DA:44,0
DA:46,2
DA:53,1
DA:70,4
DA:71,4
DA:73,4
DA:74,2
DA:76,2
DA:77,2
DA:78,2
DA:87,0
DA:88,0
DA:104,9
DA:106,9
DA:107,1
DA:109,8
DA:110,2
DA:112,6
DA:113,6
DA:114,6
DA:115,6
DA:122,0
DA:123,0
DA:140,3
DA:141,3
DA:142,2
DA:143,2
DA:145,0
DA:148,1
DA:152,2
DA:153,2
DA:154,2
DA:156,2
DA:158,2
DA:160,2
DA:168,2
DA:172,2
DA:173,0
DA:174,0
DA:175,0
DA:177,0
DA:181,2
DA:183,0
DA:191,1
DA:193,6
DA:194,6
DA:196,4
DA:197,4
DA:199,4
DA:200,4
DA:201,4
DA:202,0
DA:203,0
DA:205,4
DA:209,0
DA:210,0
DA:212,4
DA:216,1
DA:219,2
DA:220,2
DA:221,2
DA:222,2
DA:224,0
DA:229,0
DA:232,0
DA:235,0
DA:237,2
DA:238,2
DA:240,2
DA:241,2
DA:243,2
DA:244,0
DA:245,0
DA:247,2
DA:251,0
DA:253,2
LF:98
LH:75
BRDA:26,0,0,2
BRDA:26,0,1,1
BRDA:37,1,0,4
BRDA:37,1,1,4
BRDA:38,2,0,4
BRDA:38,2,1,0
BRDA:73,3,0,2
BRDA:73,3,1,2
BRDA:106,4,0,1
BRDA:106,4,1,8
BRDA:109,5,0,2
BRDA:109,5,1,6
BRDA:141,6,0,2
BRDA:141,6,1,1
BRDA:173,7,0,0
BRDA:173,7,1,0
BRDA:194,8,0,2
BRDA:194,8,1,4
BRDA:201,9,0,0
BRDA:201,9,1,4
BRDA:222,10,0,0
BRDA:222,10,1,2
BRDA:243,11,0,0
BRDA:243,11,1,2
BRF:24
BRH:18
end_of_record
TN:
SF:/Users/evercx/Teambition-Internship/web-filesystem/core/file.js
FN:20,(anonymous_0)
FN:41,(anonymous_1)
FN:76,(anonymous_2)
FN:81,(anonymous_3)
FN:83,(anonymous_4)
FN:88,(anonymous_5)
FN:96,(anonymous_6)
FN:101,(anonymous_7)
FNF:8
FNH:6
FNDA:4,(anonymous_0)
FNDA:5,(anonymous_1)
FNDA:1,(anonymous_2)
FNDA:1,(anonymous_3)
FNDA:0,(anonymous_4)
FNDA:1,(anonymous_5)
FNDA:0,(anonymous_6)
FNDA:1,(anonymous_7)
DA:1,1
DA:2,1
DA:3,1
DA:4,1
DA:5,1
DA:6,1
DA:8,1
DA:22,4
DA:24,4
DA:25,2
DA:27,2
DA:43,5
DA:45,5
DA:46,1
DA:48,4
DA:49,2
DA:52,2
DA:53,2
DA:54,2
DA:59,0
DA:60,0
DA:78,1
DA:79,1
DA:81,1
DA:83,1
DA:84,0
DA:85,0
DA:88,1
DA:90,1
DA:91,1
DA:92,1
DA:93,1
DA:96,1
DA:97,0
DA:101,1
DA:102,1
LF:36
LH:31
BRDA:24,0,0,2
BRDA:24,0,1,2
BRDA:45,1,0,1
BRDA:45,1,1,4
BRDA:48,2,0,2
BRDA:48,2,1,2
BRDA:90,3,0,1
BRDA:90,3,1,0
BRF:8
BRH:7
end_of_record
TN:
SF:/Users/evercx/Teambition-Internship/web-filesystem/lib/message.js
FNF:0
FNH:0
DA:3,1
LF:1
LH:1
BRF:0
BRH:0
end_of_record
TN:
SF:/Users/evercx/Teambition-Internship/web-filesystem/lib/tools.js
FN:15,(anonymous_0)
FN:32,(anonymous_1)
FN:52,(anonymous_2)
FN:68,(anonymous_3)
FNF:4
FNH:4
FNDA:13,(anonymous_0)
FNDA:48,(anonymous_1)
FNDA:32,(anonymous_2)
FNDA:106,(anonymous_3)
DA:1,1
DA:2,1
DA:3,1
DA:15,1
DA:16,13
DA:17,13
DA:19,1
DA:32,1
DA:34,48
DA:35,48
DA:36,48
DA:37,48
DA:39,48
DA:52,1
DA:54,32
DA:55,32
DA:68,1
DA:72,106
DA:73,106
DA:74,43
DA:76,63
DA:79,106
LF:22
LH:22
BRDA:34,0,0,2
BRDA:34,0,1,46
BRDA:35,1,0,1
BRDA:35,1,1,47
BRDA:36,2,0,2
BRDA:36,2,1,46
BRDA:37,3,0,36
BRDA:37,3,1,12
BRF:8
BRH:8
end_of_record
TN:
SF:/Users/evercx/Teambition-Internship/web-filesystem/routes/apis.js
FNF:0
FNH:0
DA:1,1
DA:2,1
DA:3,1
DA:6,1
DA:8,1
DA:9,1
DA:10,1
DA:11,1
DA:12,1
DA:13,1
DA:14,1
DA:16,1
LF:12
LH:12
BRF:0
BRH:0
end_of_record
TN:
SF:/Users/evercx/Teambition-Internship/web-filesystem/routes/index.js
FN:5,(anonymous_0)
FNF:1
FNH:1
FNDA:1,(anonymous_0)
DA:1,1
DA:2,1
DA:3,1
DA:5,1
DA:7,1
DA:8,0
DA:9,0
DA:10,0
DA:11,0
DA:13,0
DA:14,0
DA:16,0
DA:17,0
DA:18,0
DA:22,1
LF:15
LH:6
BRDA:7,0,0,0
BRDA:7,0,1,1
BRF:2
BRH:1
end_of_record
